<?xml version="1.0" encoding="UTF-8"?>
<!-- Generated by org.testng.reporters.JUnitReportReporter -->
<testsuite skipped="0" hostname="BASAPPA" name="Practise.AppiumFramework.ApiDemoTest" tests="2" failures="0" timestamp="05 Dec 2020 08:31:48 GMT" time="42.160" errors="0">
  <testcase name="apiDemo" time="20.828" classname="Practise.AppiumFramework.ApiDemoTest"/>
  <testcase name="apiDemo" time="21.332" classname="Practise.AppiumFramework.ApiDemoTest"/>
</testsuite> <!-- Practise.AppiumFramework.ApiDemoTest -->
