<?xml version="1.0" encoding="UTF-8"?>
<!-- Generated by org.testng.reporters.JUnitReportReporter -->
<testsuite skipped="0" hostname="BASAPPA" name="Practise.AppiumFramework.Ecommerce_tc_5" tests="1" failures="0" timestamp="05 Dec 2020 08:31:48 GMT" time="33.631" errors="0">
  <testcase name="NativeAppValidation" time="33.631" classname="Practise.AppiumFramework.Ecommerce_tc_5"/>
</testsuite> <!-- Practise.AppiumFramework.Ecommerce_tc_5 -->
