<?xml version="1.0" encoding="UTF-8"?>
<!-- Generated by org.testng.reporters.JUnitReportReporter -->
<testsuite skipped="0" hostname="BASAPPA" name="Practise.AppiumFramework.Ecommerce_tc_5" tests="1" failures="0" timestamp="06 Dec 2020 14:35:33 GMT" time="36.176" errors="0">
  <testcase name="NativeAppValidation" time="36.176" classname="Practise.AppiumFramework.Ecommerce_tc_5"/>
</testsuite> <!-- Practise.AppiumFramework.Ecommerce_tc_5 -->
