<?xml version="1.0" encoding="UTF-8"?>
<!-- Generated by org.testng.reporters.JUnitReportReporter -->
<testsuite skipped="0" hostname="BASAPPA" name="Practise.AppiumFramework.ApiDemoTest" tests="2" failures="0" timestamp="06 Dec 2020 14:35:33 GMT" time="41.535" errors="0">
  <testcase name="apiDemo" time="19.613" classname="Practise.AppiumFramework.ApiDemoTest"/>
  <testcase name="apiDemo" time="21.922" classname="Practise.AppiumFramework.ApiDemoTest"/>
</testsuite> <!-- Practise.AppiumFramework.ApiDemoTest -->
